**********************
Windows PowerShell transcript start
Start time: 20250906143732
Username: FIO-INF-1\Meneer
RunAs User: FIO-INF-1\Meneer
Configuration Name: 
Machine: FIO-INF-1 (Microsoft Windows NT 10.0.26100.0)
Host Application: C:\WINDOWS\System32\WindowsPowerShell\v1.0\powershell.exe -ExecutionPolicy Bypass -File .\scripts\play_chain.ps1 -Dev -Transcript
Process ID: 21232
PSVersion: 5.1.26100.4768
PSEdition: Desktop
PSCompatibleVersions: 1.0, 2.0, 3.0, 4.0, 5.0, 5.1.26100.4768
BuildVersion: 10.0.26100.4768
CLRVersion: 4.0.30319.42000
WSManStackVersion: 3.0
PSRemotingProtocolVersion: 2.3
SerializationVersion: 1.1.0.1
**********************
------------------------------------------------------------------------------------------------------------------------
[film] scene 1/5: d_frame
------------------------------------------------------------------------------------------------------------------------
 [â”ƒ–“â–“â–“â–“â–“â–“â–“â–“â–“â”‚–“â–“â–“â–“â–“â–“â–“â–“â–“ââ”‚“â–“â–“â–“â–“â–“â–“â–“â–“ââ”‚“â–“â–“â–“â–“â–“â–“â–“â–“â–
“â–“â–ˆ                                                                               ]
 hook: ‚‚‚‚‚‚–––––––ââââââ–––––––âââââââââââââââââââââââââââââââ–––––––ââââ
 tijd: [â– Â·Â·Â·Â·Â·Â·Â·Â·Â·Â·Â·Â·Â·Â·Â·Â·Â·Â·Â·Â·Â·Â·Â·Â·Â·Â·Â·Â·Â·Â·Â·Â·Â·Â·Â·Â·Â·Â·Â·Â·Â·Â·Â·Â·Â·Â·Â·Â·Â·Â·Â·Â·Â·Â·Â
·Â·Â·Â·Â·Â·Â·Â·Â·Â·Â·Â·Â·Â·Â·Â·Â·Â·Â·Â·Â·Â·Â·Â·Â·Â·Â·Â·Â·Â·Â·Â·Â·Â·Â·Â·Â·Â·Â·Â·Â·Â·Â·Â·Â·Â·Â·Â·Â·Â·Â·Â·Â·Â·Â·Â·Â·Â·Â·Â·Â
·Â·Â·]

 klaar.
------------------------------------------------------------------------------------------------------------------------
[film] scene 2/5: scene01_genesis
------------------------------------------------------------------------------------------------------------------------
                                                      █
                                                      █
                                                     ███







 scene 01 • blink

--------------------------------------------------------------------------------





                                                      █
                                                     ██
                                                      █
                                                      █
                                                      █
                                                      █
                                                      █
                                                      █
                                                     ███







 scene 01 • blink
------------------------------------------------------------------------------------------------------------------------
[film] scene 3/5: scene02_afterglow
------------------------------------------------------------------------------------------------------------------------





                                                      █
                                                     ██
                                                      █
                                                      █
                                        ··......      █
                                                      █
                                                      █
                                                      █
                                                     ███







 scene 02 • afterglow  |  q=quit
------------------------------------------------------------------------------------------------------------------------
[film] scene 4/5: scene03_life
------------------------------------------------------------------------------------------------------------------------








                                                  █
                                                   ██
                                                  ██
                                               █
                                               █
                                               █









 scene 03 • life (flow)
------------------------------------------------------------------------------------------------------------------------
[film] scene 5/5: scene04_choice
------------------------------------------------------------------------------------------------------------------------

**********************
Windows PowerShell transcript end
End time: 20250906143756
**********************
