**********************
Windows PowerShell transcript start
Start time: 20250906144502
Username: FIO-INF-1\Meneer
RunAs User: FIO-INF-1\Meneer
Configuration Name: 
Machine: FIO-INF-1 (Microsoft Windows NT 10.0.26100.0)
Host Application: powershell -ExecutionPolicy Bypass -File .\scripts\play_chain.ps1 -Dev -Transcript
Process ID: 23128
PSVersion: 5.1.26100.4768
PSEdition: Desktop
PSCompatibleVersions: 1.0, 2.0, 3.0, 4.0, 5.0, 5.1.26100.4768
BuildVersion: 10.0.26100.4768
CLRVersion: 4.0.30319.42000
WSManStackVersion: 3.0
PSRemotingProtocolVersion: 2.3
SerializationVersion: 1.1.0.1
**********************
------------------------------------------------------------------------------------------------------------------------
[film] scene 1/5: scene00_title
------------------------------------------------------------------------------------------------------------------------

--------------------------------------------------------------------------------
██████╗ ██╗████████╗    ██╗    ██╗ ██████╗ ██████╗ ██╗     ██████╗ ██╗     ██████╗ ██████╗ ██████╗
██╔══██╗██║╚══██╔══╝    ██║    ██║██╔═══██╗██╔══██╗██║     ██╔══██╗██║     ██╔══██╗██╔══██╗██╔══██╗
██████╔╝██║   ██║       ██║ █╗ ██║██║   ██║██████╔╝██║     ██████╔╝██║     ██║  ██║██████╔╝██████╔╝
██╔═══╝ ██║   ██║       ██║███╗██║██║   ██║██╔═══╝ ██║     ██╔═══╝ ██║     ██║  ██║██╔══██╗██╔══██╗
██║     ██║   ██║       ╚███╔███╔╝╚██████╔╝██║     ███████╗██║     ███████╗██████╔╝██║  ██║██║  ██║
╚═╝     ╚═╝   ╚═╝        ╚══╝╚══╝  ╚═════╝ ╚═╝     ╚══════╝╚═╝     ╚══════╝╚═════╝ ╚═╝  ╚═╝╚═╝  ╚═╝

  press [q] to skip • auto-continue…

--------------------------------------------------------------------------------
██████╗ ██╗████████╗    ██╗    ██╗ ██████╗ ██████╗ ██╗     ██████╗ ██╗     ██████╗ ██████╗ ██████╗
██╔══██╗██║╚══██╔══╝    ██║    ██║██╔═══██╗██╔══██╗██║     ██╔══██╗██║     ██╔══██╗██╔══██╗██╔══██╗
██████╔╝██║   ██║       ██║ █╗ ██║██║   ██║██████╔╝██║     ██████╔╝██║     ██║  ██║██████╔╝██████╔╝
██╔═══╝ ██║   ██║       ██║███╗██║██║   ██║██╔═══╝ ██║     ██╔═══╝ ██║     ██║  ██║██╔══██╗██╔══██╗
██║     ██║   ██║       ╚███╔███╔╝╚██████╔╝██║     ███████╗██║     ███████╗██████╔╝██║  ██║██║  ██║
╚═╝     ╚═╝   ╚═╝        ╚══╝╚══╝  ╚═════╝ ╚═╝     ╚══════╝╚═╝     ╚══════╝╚═════╝ ╚═╝  ╚═╝╚═╝  ╚═╝

  press [q] to skip • auto-continue…

--------------------------------------------------------------------------------
██████╗ ██╗████████╗    ██╗    ██╗ ██████╗ ██████╗ ██╗     ██████╗ ██╗     ██████╗ ██████╗ ██████╗
██╔══██╗██║╚══██╔══╝    ██║    ██║██╔═══██╗██╔══██╗██║     ██╔══██╗██║     ██╔══██╗██╔══██╗██╔══██╗
██████╔╝██║   ██║       ██║ █╗ ██║██║   ██║██████╔╝██║     ██████╔╝██║     ██║  ██║██████╔╝██████╔╝
██╔═══╝ ██║   ██║       ██║███╗██║██║   ██║██╔═══╝ ██║     ██╔═══╝ ██║     ██║  ██║██╔══██╗██╔══██╗
██║     ██║   ██║       ╚███╔███╔╝╚██████╔╝██║     ███████╗██║     ███████╗██████╔╝██║  ██║██║  ██║
╚═╝     ╚═╝   ╚═╝        ╚══╝╚══╝  ╚═════╝ ╚═╝     ╚══════╝╚═╝     ╚══════╝╚═════╝ ╚═╝  ╚═╝╚═╝  ╚═╝

  press [q] to skip • auto-continue…
------------------------------------------------------------------------------------------------------------------------
[film] scene 2/5: scene01_genesis
------------------------------------------------------------------------------------------------------------------------
                                                      █
                                                      █
                                                      █
                                                      █
                                                     ███







 scene 01 • blink
------------------------------------------------------------------------------------------------------------------------
[film] scene 3/5: scene02_afterglow
------------------------------------------------------------------------------------------------------------------------





                                                      █
                                                     ██
                                                      █
                                                      █
                                        ··......      █
                                                      █
                                                      █
                                                      █
                                                     ███







 scene 02 • afterglow  |  q=quit
------------------------------------------------------------------------------------------------------------------------
[film] scene 4/5: scene03_life
------------------------------------------------------------------------------------------------------------------------








                                                  █
                                                   ██
                                                  ██
                                               █
                                               █
                                               █









 scene 03 • life (flow)
------------------------------------------------------------------------------------------------------------------------
[film] scene 5/5: scene04_choice
------------------------------------------------------------------------------------------------------------------------

**********************
Windows PowerShell transcript end
End time: 20250906144523
**********************
