**********************
Windows PowerShell transcript start
Start time: 20250906144636
Username: FIO-INF-1\Meneer
RunAs User: FIO-INF-1\Meneer
Configuration Name: 
Machine: FIO-INF-1 (Microsoft Windows NT 10.0.26100.0)
Host Application: powershell -ExecutionPolicy Bypass -File .\scripts\play_chain.ps1 -Dev -Transcript
Process ID: 6252
PSVersion: 5.1.26100.4768
PSEdition: Desktop
PSCompatibleVersions: 1.0, 2.0, 3.0, 4.0, 5.0, 5.1.26100.4768
BuildVersion: 10.0.26100.4768
CLRVersion: 4.0.30319.42000
WSManStackVersion: 3.0
PSRemotingProtocolVersion: 2.3
SerializationVersion: 1.1.0.1
**********************
------------------------------------------------------------------------------------------------------------------------
[film] scene 1/5: scene00_mama
------------------------------------------------------------------------------------------------------------------------

--------------------------------------------------------------------------------
██  ██       ███       █          █           ███
██  ██      █   █      █          █          █   █
██████      █████      █          █          █   █
██  ██      █   █      █          █          █   █
██  ██      █   █      █████      █████       ███

█   █       ███       █   █       ███
██ ██      █   █      ██ ██      █   █
█ █ █      █████      █ █ █      █████
█   █      █   █      █   █      █   █
█   █      █   █      █   █      █   █


   ██   ██
  █████████
  █████████
   ███████
    █████
     ███

  [q] skip  •  auto-continue…

--------------------------------------------------------------------------------
██  ██       ███       █          █           ███
██  ██      █   █      █          █          █   █
██████      █████      █          █          █   █
██  ██      █   █      █          █          █   █
██  ██      █   █      █████      █████       ███

█   █       ███       █   █       ███
██ ██      █   █      ██ ██      █   █
█ █ █      █████      █ █ █      █████
█   █      █   █      █   █      █   █
█   █      █   █      █   █      █   █


   ██   ██
  █████████
  █████████
   ███████
    █████
     ███

  [q] skip  •  auto-continue…
------------------------------------------------------------------------------------------------------------------------
[film] scene 2/5: scene01_genesis
------------------------------------------------------------------------------------------------------------------------

**********************
Windows PowerShell transcript end
End time: 20250906144643
**********************
